<?xml version="1.0" encoding="UTF-8"?>
<!-- Generated by org.testng.reporters.JUnitReportReporter -->
<testsuite hostname="HP-LaptopV1" failures="0" tests="3" name="Final_Project.conttest" time="13.042" errors="0" timestamp="2026-08-31T23:46:50 IST" skipped="0">
  <testcase classname="Final_Project.conttest" name="test01_LoadContactUsPage" time="11.858"/>
  <testcase classname="Final_Project.conttest" name="test02_AddContactUsDetails" time="0.448"/>
  <testcase classname="Final_Project.conttest" name="test03_SubmitContactUsForm" time="0.736"/>
</testsuite> <!-- Final_Project.conttest -->
