<?xml version="1.0" encoding="UTF-8"?>
<!-- Generated by org.testng.reporters.JUnitReportReporter -->
<testsuite hostname="HP-LaptopV1" failures="0" tests="4" name="Final_Project.ForgotPassword" time="6.370" errors="0" timestamp="2026-09-12T14:14:29 IST" skipped="0">
  <testcase classname="Final_Project.ForgotPassword" name="verifyForgetpassword" time="4.425"/>
  <testcase classname="Final_Project.ForgotPassword" name="verifyforgetpasswordpage" time="1.358"/>
  <testcase classname="Final_Project.ForgotPassword" name="enterforgetpassword" time="0.053"/>
  <testcase classname="Final_Project.ForgotPassword" name="clicksendlink" time="0.534"/>
</testsuite> <!-- Final_Project.ForgotPassword -->
