<?xml version="1.0" encoding="UTF-8"?>
<!-- Generated by org.testng.reporters.JUnitReportReporter -->
<testsuite hostname="HP-LaptopV1" failures="0" tests="11" name="Final_Project.AddToCartTest" time="80.723" errors="1" timestamp="2026-09-12T14:14:29 IST" skipped="10">
  <testcase classname="Final_Project.AddToCartTest" name="setUp" time="80.723">
    <error message="Expected condition failed: waiting for frame to be available: By.id: framelive, but... org.openqa.selenium.NoSuchElementException: Unable to locate element: #framelive.
(tried for 30 seconds with 500 milliseconds interval)
Build info: version: &#039;4.46.0&#039;, revision: &#039;df5a634 df5a6341cbb5f8f06b836bd595752775627c80dc&#039;
System info: os.name: &#039;Windows 11&#039;, os.arch: &#039;amd64&#039;, os.version: &#039;10.0&#039;, java.version: &#039;21.0.10&#039;
Driver info: org.openqa.selenium.firefox.FirefoxDriver
Capabilities {acceptInsecureCerts: true, browserName: firefox, browserVersion: 155.0.1, moz:accessibilityChecks: false, moz:buildID: 20260903215306, moz:geckodriverVersion: 0.37.1, moz:headless: false, moz:platformVersion: 10.0, moz:processID: 15128, moz:profile: C:\Users\HP\AppData\Local\T..., moz:shutdownTimeout: 60000, moz:webdriverClick: true, moz:windowless: false, pageLoadStrategy: normal, platformName: windows, proxy: Proxy(), setWindowRect: true, strictFileInteractability: false, timeouts: {implicit: 0, pageLoad: 300000, script: 30000}, unhandledPromptBehavior: dismiss and notify, userAgent: Mozilla/5.0 (Windows NT 10....}
Session ID: 725740cb-276d-42be-b6f9-d159e0cb22e9" type="org.openqa.selenium.TimeoutException">
      <![CDATA[org.openqa.selenium.TimeoutException: Expected condition failed: waiting for frame to be available: By.id: framelive, but... org.openqa.selenium.NoSuchElementException: Unable to locate element: #framelive.
(tried for 30 seconds with 500 milliseconds interval)
Build info: version: '4.46.0', revision: 'df5a634 df5a6341cbb5f8f06b836bd595752775627c80dc'
System info: os.name: 'Windows 11', os.arch: 'amd64', os.version: '10.0', java.version: '21.0.10'
Driver info: org.openqa.selenium.firefox.FirefoxDriver
Capabilities {acceptInsecureCerts: true, browserName: firefox, browserVersion: 155.0.1, moz:accessibilityChecks: false, moz:buildID: 20260903215306, moz:geckodriverVersion: 0.37.1, moz:headless: false, moz:platformVersion: 10.0, moz:processID: 15128, moz:profile: C:\Users\HP\AppData\Local\T..., moz:shutdownTimeout: 60000, moz:webdriverClick: true, moz:windowless: false, pageLoadStrategy: normal, platformName: windows, proxy: Proxy(), setWindowRect: true, strictFileInteractability: false, timeouts: {implicit: 0, pageLoad: 300000, script: 30000}, unhandledPromptBehavior: dismiss and notify, userAgent: Mozilla/5.0 (Windows NT 10....}
Session ID: 725740cb-276d-42be-b6f9-d159e0cb22e9
at org.openqa.selenium.support.ui.WebDriverWait.timeoutException(WebDriverWait.java:85)
at org.openqa.selenium.support.ui.FluentWait.until(FluentWait.java:234)
at Final_Project.AddToCartTest.setUp(AddToCartTest.java:39)
at java.base/jdk.internal.reflect.DirectMethodHandleAccessor.invoke(DirectMethodHandleAccessor.java:103)
at java.base/java.lang.reflect.Method.invoke(Method.java:580)
at org.testng.internal.invokers.MethodInvocationHelper.invokeMethod(MethodInvocationHelper.java:141)
at org.testng.internal.invokers.MethodInvocationHelper.invokeMethodConsideringTimeout(MethodInvocationHelper.java:71)
at org.testng.internal.invokers.ConfigInvoker.invokeConfigurationMethod(ConfigInvoker.java:400)
at org.testng.internal.invokers.ConfigInvoker.invokeConfigurations(ConfigInvoker.java:333)
at org.testng.internal.invokers.TestInvoker.runConfigMethods(TestInvoker.java:836)
at org.testng.internal.invokers.TestInvoker.invokeMethod(TestInvoker.java:601)
at org.testng.internal.invokers.TestInvoker.invokeTestMethod(TestInvoker.java:230)
at org.testng.internal.invokers.MethodRunner.runInSequence(MethodRunner.java:63)
at org.testng.internal.invokers.TestInvoker$MethodInvocationAgent.invoke(TestInvoker.java:995)
at org.testng.internal.invokers.TestInvoker.invokeTestMethods(TestInvoker.java:203)
at org.testng.internal.invokers.TestMethodWorker.invokeTestMethods(TestMethodWorker.java:154)
at org.testng.internal.invokers.TestMethodWorker.run(TestMethodWorker.java:134)
at java.base/java.util.ArrayList.forEach(ArrayList.java:1596)
at org.testng.TestRunner.privateRun(TestRunner.java:741)
at org.testng.TestRunner.run(TestRunner.java:616)
at org.testng.SuiteRunner.runTest(SuiteRunner.java:421)
at org.testng.SuiteRunner.runSequentially(SuiteRunner.java:413)
at org.testng.SuiteRunner.privateRun(SuiteRunner.java:373)
at org.testng.SuiteRunner.run(SuiteRunner.java:312)
at org.testng.SuiteRunnerWorker.runSuite(SuiteRunnerWorker.java:52)
at org.testng.SuiteRunnerWorker.run(SuiteRunnerWorker.java:95)
at org.testng.TestNG.runSuitesSequentially(TestNG.java:1274)
at org.testng.TestNG.runSuitesLocally(TestNG.java:1208)
at org.testng.TestNG.runSuites(TestNG.java:1112)
at org.testng.TestNG.run(TestNG.java:1079)
at org.testng.remote.AbstractRemoteTestNG.run(AbstractRemoteTestNG.java:115)
at org.testng.remote.RemoteTestNG.initAndRun(RemoteTestNG.java:293)
at org.testng.remote.RemoteTestNG.main(RemoteTestNG.java:91)
]]>
    </error>
  </testcase> <!-- setUp -->
  <testcase classname="Final_Project.AddToCartTest" name="signIn" time="0.000">
    <skipped/>
  </testcase> <!-- signIn -->
  <testcase classname="Final_Project.AddToCartTest" name="searchProduct" time="0.000">
    <skipped/>
  </testcase> <!-- searchProduct -->
  <testcase classname="Final_Project.AddToCartTest" name="Addtocart" time="0.000">
    <skipped/>
  </testcase> <!-- Addtocart -->
  <testcase classname="Final_Project.AddToCartTest" name="proceedtocart" time="0.000">
    <skipped/>
  </testcase> <!-- proceedtocart -->
  <testcase classname="Final_Project.AddToCartTest" name="proceedtocheckout" time="0.000">
    <skipped/>
  </testcase> <!-- proceedtocheckout -->
  <testcase classname="Final_Project.AddToCartTest" name="addresschoose" time="0.000">
    <skipped/>
  </testcase> <!-- addresschoose -->
  <testcase classname="Final_Project.AddToCartTest" name="proceedtocheckout1" time="0.000">
    <skipped/>
  </testcase> <!-- proceedtocheckout1 -->
  <testcase classname="Final_Project.AddToCartTest" name="payment1" time="0.000">
    <skipped/>
  </testcase> <!-- payment1 -->
  <testcase classname="Final_Project.AddToCartTest" name="payments" time="0.000">
    <skipped/>
  </testcase> <!-- payments -->
  <testcase classname="Final_Project.AddToCartTest" name="ordersucess" time="0.000">
    <skipped/>
  </testcase> <!-- ordersucess -->
</testsuite> <!-- Final_Project.AddToCartTest -->
