<?xml version="1.0" encoding="UTF-8"?>
<!-- Generated by org.testng.reporters.JUnitReportReporter -->
<testsuite hostname="HP-LaptopV1" failures="1" tests="7" name="Final_Project.OrderTrackingTest" time="4.466" errors="0" timestamp="2026-09-12T14:14:29 IST" skipped="1">
  <testcase classname="Final_Project.OrderTrackingTest" name="scrollToFooter" time="3.210"/>
  <testcase classname="Final_Project.OrderTrackingTest" name="verifyOrderTracking" time="0.134"/>
  <testcase classname="Final_Project.OrderTrackingTest" name="clickOrderTracking" time="0.802"/>
  <testcase classname="Final_Project.OrderTrackingTest" name="enterOrderReference" time="0.144"/>
  <testcase classname="Final_Project.OrderTrackingTest" name="enterEmail" time="0.132"/>
  <testcase classname="Final_Project.OrderTrackingTest" name="sendtocheck" time="0.000">
    <skipped/>
  </testcase> <!-- sendtocheck -->
  <testcase classname="Final_Project.OrderTrackingTest" name="verifyOrderTrackingDetails" time="0.044">
    <failure message="XKBKNABJK expected:&lt;XKBKNABJK&gt; but was:&lt;Order Reference value is incorrect.&gt;" type="java.lang.AssertionError">
      <![CDATA[java.lang.AssertionError: XKBKNABJK expected:<XKBKNABJK> but was:<Order Reference value is incorrect.>
at org.testng.AssertJUnit.assertEquals(AssertJUnit.java:115)
at Final_Project.OrderTrackingTest.verifyOrderTrackingDetails(OrderTrackingTest.java:122)
at java.base/jdk.internal.reflect.DirectMethodHandleAccessor.invoke(DirectMethodHandleAccessor.java:103)
at java.base/java.lang.reflect.Method.invoke(Method.java:580)
at org.testng.internal.invokers.MethodInvocationHelper.invokeMethod(MethodInvocationHelper.java:141)
at org.testng.internal.invokers.TestInvoker.invokeMethod(TestInvoker.java:687)
at org.testng.internal.invokers.TestInvoker.invokeTestMethod(TestInvoker.java:230)
at org.testng.internal.invokers.MethodRunner.runInSequence(MethodRunner.java:63)
at org.testng.internal.invokers.TestInvoker$MethodInvocationAgent.invoke(TestInvoker.java:995)
at org.testng.internal.invokers.TestInvoker.invokeTestMethods(TestInvoker.java:203)
at org.testng.internal.invokers.TestMethodWorker.invokeTestMethods(TestMethodWorker.java:154)
at org.testng.internal.invokers.TestMethodWorker.run(TestMethodWorker.java:134)
at java.base/java.util.ArrayList.forEach(ArrayList.java:1596)
at org.testng.TestRunner.privateRun(TestRunner.java:741)
at org.testng.TestRunner.run(TestRunner.java:616)
at org.testng.SuiteRunner.runTest(SuiteRunner.java:421)
at org.testng.SuiteRunner.runSequentially(SuiteRunner.java:413)
at org.testng.SuiteRunner.privateRun(SuiteRunner.java:373)
at org.testng.SuiteRunner.run(SuiteRunner.java:312)
at org.testng.SuiteRunnerWorker.runSuite(SuiteRunnerWorker.java:52)
at org.testng.SuiteRunnerWorker.run(SuiteRunnerWorker.java:95)
at org.testng.TestNG.runSuitesSequentially(TestNG.java:1274)
at org.testng.TestNG.runSuitesLocally(TestNG.java:1208)
at org.testng.TestNG.runSuites(TestNG.java:1112)
at org.testng.TestNG.run(TestNG.java:1079)
at org.testng.remote.AbstractRemoteTestNG.run(AbstractRemoteTestNG.java:115)
at org.testng.remote.RemoteTestNG.initAndRun(RemoteTestNG.java:293)
at org.testng.remote.RemoteTestNG.main(RemoteTestNG.java:91)
]]>
    </failure>
  </testcase> <!-- verifyOrderTrackingDetails -->
</testsuite> <!-- Final_Project.OrderTrackingTest -->
