<?xml version="1.0" encoding="UTF-8"?>
<!-- Generated by org.testng.reporters.JUnitReportReporter -->
<testsuite hostname="HP-LaptopV1" failures="0" tests="3" name="Final_Project.Addcartoutside" time="7.876" errors="0" timestamp="2026-09-12T14:14:29 IST" skipped="0">
  <testcase classname="Final_Project.Addcartoutside" name="verifyAllFeaturedProducts" time="3.765"/>
  <testcase classname="Final_Project.Addcartoutside" name="clickAllFeaturedProducts" time="4.047"/>
  <testcase classname="Final_Project.Addcartoutside" name="searchFramedPoster" time="0.064"/>
</testsuite> <!-- Final_Project.Addcartoutside -->
